04:54:30.367 INFO  Starting TvrPreviewApplication using Java 21.0.1 with PID 30556 (D:\treevalue\treevalue-robot\tvr-preview-service\target\classes started by hee in D:\treevalue\treevalue-robot)
04:54:30.373 INFO  The following 2 profiles are active: "mongodb", "web"
04:54:30.500 INFO  Devtools property defaults active! Set 'spring.devtools.add-properties' to 'false' to disable
04:54:30.500 INFO  For additional web related logging consider setting the 'logging.level.web' property to 'DEBUG'
04:54:32.256 INFO  BeanFactory id=210ad12e-3051-3c53-a010-deaff55bdbea
04:54:33.173 INFO  Tomcat initialized with port(s): 10005 (http)
04:54:33.192 INFO  Initializing ProtocolHandler ["http-nio-10005"]
04:54:33.199 INFO  Starting service [Tomcat]
04:54:33.200 INFO  Starting Servlet engine: [Apache Tomcat/10.1.13]
04:54:33.517 INFO  Initializing Spring embedded WebApplicationContext
04:54:33.517 INFO  Root WebApplicationContext: initialization completed in 3017 ms
04:54:33.777 DEBUG Filter 'requestLoggingFilter' configured for use
04:54:34.807 INFO  Cluster created with settings {hosts=[localhost:27017], mode=SINGLE, requiredClusterType=UNKNOWN, serverSelectionTimeout='30000 ms', maxWaitQueueSize=500}
04:54:35.349 INFO  Opened connection [connectionId{localValue:2, serverValue:7503}] to localhost:27017
04:54:35.387 INFO  Monitor thread successfully connected to server with description ServerDescription{address=localhost:27017, type=STANDALONE, state=CONNECTED, ok=true, version=ServerVersion{versionList=[7, 0, 5]}, minWireVersion=0, maxWireVersion=21, maxDocumentSize=16777216, logicalSessionTimeoutMinutes=30, roundTripTimeNanos=4639300}
04:54:35.540 INFO  Opened connection [connectionId{localValue:1, serverValue:7502}] to localhost:27017
04:54:35.598 INFO  Opened connection [connectionId{localValue:3, serverValue:7504}] to localhost:27017
04:54:35.618 INFO  Opened connection [connectionId{localValue:4, serverValue:7505}] to localhost:27017
04:54:35.638 INFO  Opened connection [connectionId{localValue:5, serverValue:7506}] to localhost:27017
04:54:35.670 INFO  Opened connection [connectionId{localValue:6, serverValue:7507}] to localhost:27017
04:54:35.699 INFO  Opened connection [connectionId{localValue:7, serverValue:7508}] to localhost:27017
04:54:35.728 INFO  Opened connection [connectionId{localValue:8, serverValue:7509}] to localhost:27017
04:54:35.756 INFO  Opened connection [connectionId{localValue:9, serverValue:7510}] to localhost:27017
04:54:35.791 INFO  Opened connection [connectionId{localValue:10, serverValue:7511}] to localhost:27017
04:54:35.821 INFO  Opened connection [connectionId{localValue:11, serverValue:7512}] to localhost:27017
04:54:35.851 INFO  Opened connection [connectionId{localValue:12, serverValue:7513}] to localhost:27017
04:54:35.878 INFO  Opened connection [connectionId{localValue:13, serverValue:7514}] to localhost:27017
04:54:35.897 INFO  Opened connection [connectionId{localValue:14, serverValue:7515}] to localhost:27017
04:54:35.916 INFO  Opened connection [connectionId{localValue:15, serverValue:7516}] to localhost:27017
04:54:35.935 INFO  Opened connection [connectionId{localValue:16, serverValue:7517}] to localhost:27017
04:54:36.197 DEBUG ControllerAdvice beans: 0 @ModelAttribute, 0 @InitBinder, 1 RequestBodyAdvice, 1 ResponseBodyAdvice
04:54:36.389 DEBUG 5 mappings in 'requestMappingHandlerMapping'
04:54:36.423 DEBUG Patterns [/webjars/**, /**] in 'resourceHandlerMapping'
04:54:36.439 DEBUG ControllerAdvice beans: 1 @ExceptionHandler, 1 ResponseBodyAdvice
04:54:36.616 INFO  LiveReload server is running on port 35729
04:54:36.801 WARN  Spring Cloud LoadBalancer is currently working with the default cache. While this cache implementation is useful for development and tests, it's recommended to use Caffeine cache in production.You can switch to using Caffeine cache, by adding it and org.springframework.cache.caffeine.CaffeineCacheManager to the classpath.
04:54:36.883 INFO  Starting ProtocolHandler ["http-nio-10005"]
04:54:36.904 INFO  Tomcat started on port(s): 10005 (http) with context path ''
04:54:37.153 INFO  Started TvrPreviewApplication in 18.468 seconds (process running for 23.681)
