14:55:19.397 INFO  Opening socket connection to server localhost/127.0.0.1:2181.
14:55:19.408 INFO  SASL config status: Will not attempt to authenticate using SASL (unknown error)
14:55:19.409 WARN  Session 0x0 for sever localhost/127.0.0.1:2181, Closing socket connection. Attempting reconnect except it is a SessionExpiredException.
java.net.ConnectException: Connection refused: no further information
	at java.base/sun.nio.ch.Net.pollConnect(Native Method)
	at java.base/sun.nio.ch.Net.pollConnectNow(Net.java:682)
	at java.base/sun.nio.ch.SocketChannelImpl.finishConnect(SocketChannelImpl.java:973)
	at org.apache.zookeeper.ClientCnxnSocketNIO.doTransport(ClientCnxnSocketNIO.java:342)
	at org.apache.zookeeper.ClientCnxn$SendThread.run(ClientCnxn.java:1262)
14:55:19.441 INFO  Opening socket connection to server localhost/127.0.0.1:2181.
14:55:19.441 INFO  SASL config status: Will not attempt to authenticate using SASL (unknown error)
14:55:19.442 WARN  Session 0x0 for sever localhost/127.0.0.1:2181, Closing socket connection. Attempting reconnect except it is a SessionExpiredException.
java.net.ConnectException: Connection refused: no further information
	at java.base/sun.nio.ch.Net.pollConnect(Native Method)
	at java.base/sun.nio.ch.Net.pollConnectNow(Net.java:682)
	at java.base/sun.nio.ch.SocketChannelImpl.finishConnect(SocketChannelImpl.java:973)
	at org.apache.zookeeper.ClientCnxnSocketNIO.doTransport(ClientCnxnSocketNIO.java:342)
	at org.apache.zookeeper.ClientCnxn$SendThread.run(ClientCnxn.java:1262)
14:55:19.463 INFO  Starting CoreApplication using Java 21 with PID 17340 (D:\treevalue\treevalue-robot\tvr-core\target\classes started by hee in D:\treevalue\treevalue-robot)
14:55:19.463 INFO  No active profile set, falling back to 1 default profile: "default"
14:55:20.337 WARN  Exception encountered during context initialization - cancelling refresh attempt: org.springframework.beans.factory.support.BeanDefinitionOverrideException: Invalid bean definition with name 'requestLoggingFilter' defined in class path resource [com/treevalue/robot/log/config/LogConfig.class]: Cannot register bean definition [Root bean: class [null]; scope=; abstract=false; lazyInit=null; autowireMode=3; dependencyCheck=0; autowireCandidate=true; primary=false; factoryBeanName=logConfig; factoryMethodName=requestLoggingFilter; initMethodNames=null; destroyMethodNames=[(inferred)]; defined in class path resource [com/treevalue/robot/log/config/LogConfig.class]] for bean 'requestLoggingFilter' since there is already [Root bean: class [null]; scope=; abstract=false; lazyInit=null; autowireMode=3; dependencyCheck=0; autowireCandidate=true; primary=false; factoryBeanName=webConfig; factoryMethodName=requestLoggingFilter; initMethodNames=null; destroyMethodNames=[(inferred)]; defined in class path resource [com/treevalue/robot/api/http/config/WebConfig.class]] bound.
14:55:20.345 INFO  

Error starting ApplicationContext. To display the condition evaluation report re-run your application with 'debug' enabled.
14:55:20.405 ERROR 

***************************
APPLICATION FAILED TO START
***************************

Description:

The bean 'requestLoggingFilter', defined in class path resource [com/treevalue/robot/log/config/LogConfig.class], could not be registered. A bean with that name has already been defined in class path resource [com/treevalue/robot/api/http/config/WebConfig.class] and overriding is disabled.

Action:

Consider renaming one of the beans or enabling overriding by setting spring.main.allow-bean-definition-overriding=true

15:11:48.540 INFO  Starting CoreApplication using Java 21 with PID 1516 (D:\treevalue\treevalue-robot\tvr-core\target\classes started by hee in D:\treevalue\treevalue-robot)
15:11:48.543 INFO  No active profile set, falling back to 1 default profile: "default"
15:11:48.994 WARN  Exception encountered during context initialization - cancelling refresh attempt: org.springframework.beans.factory.support.BeanDefinitionOverrideException: Invalid bean definition with name 'requestLoggingFilter' defined in class path resource [com/treevalue/robot/log/config/LogConfig.class]: Cannot register bean definition [Root bean: class [null]; scope=; abstract=false; lazyInit=null; autowireMode=3; dependencyCheck=0; autowireCandidate=true; primary=false; factoryBeanName=logConfig; factoryMethodName=requestLoggingFilter; initMethodNames=null; destroyMethodNames=[(inferred)]; defined in class path resource [com/treevalue/robot/log/config/LogConfig.class]] for bean 'requestLoggingFilter' since there is already [Root bean: class [null]; scope=; abstract=false; lazyInit=null; autowireMode=3; dependencyCheck=0; autowireCandidate=true; primary=false; factoryBeanName=webConfig; factoryMethodName=requestLoggingFilter; initMethodNames=null; destroyMethodNames=[(inferred)]; defined in class path resource [com/treevalue/robot/api/http/config/WebConfig.class]] bound.
15:11:49.002 INFO  

Error starting ApplicationContext. To display the condition evaluation report re-run your application with 'debug' enabled.
15:11:49.021 ERROR 

***************************
APPLICATION FAILED TO START
***************************

Description:

The bean 'requestLoggingFilter', defined in class path resource [com/treevalue/robot/log/config/LogConfig.class], could not be registered. A bean with that name has already been defined in class path resource [com/treevalue/robot/api/http/config/WebConfig.class] and overriding is disabled.

Action:

Consider renaming one of the beans or enabling overriding by setting spring.main.allow-bean-definition-overriding=true

15:13:32.026 INFO  Starting CoreApplication using Java 21 with PID 9396 (D:\treevalue\treevalue-robot\tvr-core\target\classes started by hee in D:\treevalue\treevalue-robot)
15:13:32.028 INFO  No active profile set, falling back to 1 default profile: "default"
15:13:33.024 INFO  BeanFactory id=abd258a5-366e-3715-9dec-e124c7022a92
15:13:33.514 INFO  Tomcat initialized with port(s): 10001 (http)
15:13:33.528 INFO  Initializing ProtocolHandler ["http-nio-10001"]
15:13:33.532 INFO  Starting service [Tomcat]
15:13:33.532 INFO  Starting Servlet engine: [Apache Tomcat/10.1.13]
15:13:33.711 INFO  Initializing Spring embedded WebApplicationContext
15:13:33.711 INFO  Root WebApplicationContext: initialization completed in 1613 ms
15:13:33.785 DEBUG Filter 'requestLoggingFilter' configured for use
15:13:34.546 WARN  Spring Cloud LoadBalancer is currently working with the default cache. While this cache implementation is useful for development and tests, it's recommended to use Caffeine cache in production.You can switch to using Caffeine cache, by adding it and org.springframework.cache.caffeine.CaffeineCacheManager to the classpath.
15:13:34.613 INFO  Starting ProtocolHandler ["http-nio-10001"]
15:13:34.630 INFO  Tomcat started on port(s): 10001 (http) with context path ''
15:13:34.791 INFO  Started CoreApplication in 12.862 seconds (process running for 13.898)
15:18:40.936 INFO  Starting CoreApplication using Java 21 with PID 18068 (D:\treevalue\treevalue-robot\tvr-core\target\classes started by hee in D:\treevalue\treevalue-robot)
15:18:40.939 INFO  No active profile set, falling back to 1 default profile: "default"
15:18:41.546 INFO  BeanFactory id=a66554e8-fa65-398b-a683-3e4e56a47e67
15:18:41.795 INFO  Tomcat initialized with port(s): 10001 (http)
15:18:41.802 INFO  Initializing ProtocolHandler ["http-nio-10001"]
15:18:41.803 INFO  Starting service [Tomcat]
15:18:41.803 INFO  Starting Servlet engine: [Apache Tomcat/10.1.13]
15:18:41.906 INFO  Initializing Spring embedded WebApplicationContext
15:18:41.907 INFO  Root WebApplicationContext: initialization completed in 928 ms
15:18:41.939 DEBUG Filter 'requestLoggingFilter' configured for use
15:18:46.851 WARN  Spring Cloud LoadBalancer is currently working with the default cache. While this cache implementation is useful for development and tests, it's recommended to use Caffeine cache in production.You can switch to using Caffeine cache, by adding it and org.springframework.cache.caffeine.CaffeineCacheManager to the classpath.
15:18:46.892 INFO  Starting ProtocolHandler ["http-nio-10001"]
15:18:46.904 INFO  Tomcat started on port(s): 10001 (http) with context path ''
15:18:46.995 INFO  Started CoreApplication in 16.12 seconds (process running for 17.217)
15:22:18.238 INFO  Starting CoreApplication using Java 21 with PID 24836 (D:\treevalue\treevalue-robot\tvr-core\target\classes started by hee in D:\treevalue\treevalue-robot)
15:22:18.240 INFO  No active profile set, falling back to 1 default profile: "default"
15:22:18.880 INFO  BeanFactory id=a66554e8-fa65-398b-a683-3e4e56a47e67
15:22:19.128 INFO  Tomcat initialized with port(s): 10001 (http)
15:22:19.134 INFO  Initializing ProtocolHandler ["http-nio-10001"]
15:22:19.136 INFO  Starting service [Tomcat]
15:22:19.136 INFO  Starting Servlet engine: [Apache Tomcat/10.1.13]
15:22:19.239 INFO  Initializing Spring embedded WebApplicationContext
15:22:19.239 INFO  Root WebApplicationContext: initialization completed in 960 ms
15:22:19.272 DEBUG Filter 'requestLoggingFilter' configured for use
15:22:21.645 WARN  Spring Cloud LoadBalancer is currently working with the default cache. While this cache implementation is useful for development and tests, it's recommended to use Caffeine cache in production.You can switch to using Caffeine cache, by adding it and org.springframework.cache.caffeine.CaffeineCacheManager to the classpath.
15:22:21.693 INFO  Starting ProtocolHandler ["http-nio-10001"]
15:22:21.704 INFO  Tomcat started on port(s): 10001 (http) with context path ''
15:22:21.815 INFO  Started CoreApplication in 13.601 seconds (process running for 14.482)
